[2025-11-05 00:11:42,701: INFO: common: yaml file: G:\Python Codes\kidney-disease-detection-mlops\config\config.yaml loaded successfully]
[2025-11-05 00:11:42,711: INFO: common: yaml file: G:\Python Codes\kidney-disease-detection-mlops\params.yaml loaded successfully]
[2025-11-05 00:11:42,714: INFO: common: created directory at: artifacts]
[2025-11-05 00:12:38,393: INFO: common: yaml file: G:\Python Codes\kidney-disease-detection-mlops\config\config.yaml loaded successfully]
[2025-11-05 00:12:38,409: INFO: common: yaml file: G:\Python Codes\kidney-disease-detection-mlops\params.yaml loaded successfully]
[2025-11-05 00:12:38,416: INFO: common: created directory at: artifacts]
[2025-11-05 00:13:06,207: INFO: common: yaml file: G:\Python Codes\kidney-disease-detection-mlops\config\config.yaml loaded successfully]
[2025-11-05 00:13:06,217: INFO: common: yaml file: G:\Python Codes\kidney-disease-detection-mlops\params.yaml loaded successfully]
[2025-11-05 00:13:06,221: INFO: common: created directory at: artifacts]
[2025-11-05 00:17:01,999: INFO: common: yaml file: G:\Python Codes\kidney-disease-detection-mlops\config\config.yaml loaded successfully]
[2025-11-05 00:17:02,014: INFO: common: yaml file: G:\Python Codes\kidney-disease-detection-mlops\params.yaml loaded successfully]
[2025-11-05 00:17:02,021: INFO: common: created directory at: artifacts]
[2025-11-05 21:38:58,352: INFO: common: yaml file: G:\Python Codes\kidney-disease-detection-mlops\config\config.yaml loaded successfully]
[2025-11-05 21:38:58,371: INFO: common: yaml file: G:\Python Codes\kidney-disease-detection-mlops\params.yaml loaded successfully]
[2025-11-05 21:38:58,374: INFO: common: created directory at: artifacts]
[2025-11-05 21:59:53,974: INFO: common: yaml file: G:\Python Codes\kidney-disease-detection-mlops\config\config.yaml loaded successfully]
[2025-11-05 21:59:54,009: INFO: common: yaml file: G:\Python Codes\kidney-disease-detection-mlops\params.yaml loaded successfully]
[2025-11-05 21:59:54,032: INFO: common: created directory at: artifacts]
[2025-11-05 22:01:44,985: INFO: common: yaml file: G:\Python Codes\kidney-disease-detection-mlops\config\config.yaml loaded successfully]
[2025-11-05 22:01:45,025: INFO: common: yaml file: G:\Python Codes\kidney-disease-detection-mlops\params.yaml loaded successfully]
[2025-11-05 22:01:45,033: INFO: common: created directory at: artifacts]
[2025-11-05 22:07:10,117: INFO: common: yaml file: G:\Python Codes\kidney-disease-detection-mlops\config\config.yaml loaded successfully]
[2025-11-05 22:07:10,128: INFO: common: yaml file: G:\Python Codes\kidney-disease-detection-mlops\params.yaml loaded successfully]
[2025-11-05 22:07:10,132: INFO: common: created directory at: artifacts]
[2025-11-05 22:07:19,762: INFO: common: yaml file: G:\Python Codes\kidney-disease-detection-mlops\config\config.yaml loaded successfully]
[2025-11-05 22:07:19,768: INFO: common: yaml file: G:\Python Codes\kidney-disease-detection-mlops\params.yaml loaded successfully]
[2025-11-05 22:07:19,771: INFO: common: created directory at: artifacts]
[2025-11-05 22:21:09,245: INFO: _client: HTTP Request: GET https://dagshub.com/api/v1/user "HTTP/1.1 200 OK"]
[2025-11-05 22:21:09,315: INFO: helpers: Accessing as Gavesh99324]
[2025-11-05 22:21:10,699: INFO: _client: HTTP Request: GET https://dagshub.com/api/v1/repos/Gavesh99324/kidney-disease-detection-mlops "HTTP/1.1 200 OK"]
[2025-11-05 22:21:11,558: INFO: _client: HTTP Request: GET https://dagshub.com/api/v1/user "HTTP/1.1 200 OK"]
[2025-11-05 22:21:11,579: INFO: helpers: Initialized MLflow to track repo "Gavesh99324/kidney-disease-detection-mlops"]
[2025-11-05 22:21:11,582: INFO: helpers: Repository Gavesh99324/kidney-disease-detection-mlops initialized!]
[2025-11-05 22:22:05,186: INFO: common: yaml file: G:\Python Codes\kidney-disease-detection-mlops\config\config.yaml loaded successfully]
[2025-11-05 22:22:05,213: INFO: common: yaml file: G:\Python Codes\kidney-disease-detection-mlops\params.yaml loaded successfully]
[2025-11-05 22:22:05,222: INFO: common: created directory at: artifacts]
[2025-11-05 22:23:18,404: INFO: common: yaml file: G:\Python Codes\kidney-disease-detection-mlops\config\config.yaml loaded successfully]
[2025-11-05 22:23:18,434: INFO: common: yaml file: G:\Python Codes\kidney-disease-detection-mlops\params.yaml loaded successfully]
[2025-11-05 22:23:18,449: INFO: common: created directory at: artifacts]
[2025-11-05 22:24:25,920: INFO: common: yaml file: G:\Python Codes\kidney-disease-detection-mlops\config\config.yaml loaded successfully]
[2025-11-05 22:24:25,956: INFO: common: yaml file: G:\Python Codes\kidney-disease-detection-mlops\params.yaml loaded successfully]
[2025-11-05 22:24:25,969: INFO: common: created directory at: artifacts]
[2025-11-05 22:25:21,774: INFO: common: yaml file: G:\Python Codes\kidney-disease-detection-mlops\config\config.yaml loaded successfully]
[2025-11-05 22:25:21,794: INFO: common: yaml file: G:\Python Codes\kidney-disease-detection-mlops\params.yaml loaded successfully]
[2025-11-05 22:25:21,800: INFO: common: created directory at: artifacts]
[2025-11-05 22:29:49,503: WARNING: save: Found untraced functions such as _jit_compiled_convolution_op, _jit_compiled_convolution_op, _jit_compiled_convolution_op, _jit_compiled_convolution_op, _jit_compiled_convolution_op while saving (showing 5 of 14). These functions will not be directly callable after loading.]
[2025-11-05 22:29:53,558: INFO: builder_impl: Assets written to: C:\Users\USER\AppData\Local\Temp\tmpvm2c74mx\model\data\model\assets]
[2025-11-05 23:28:26,212: INFO: _client: HTTP Request: GET https://dagshub.com/api/v1/repos/Gavesh99324/kidney-disease-detection-mlops "HTTP/1.1 200 OK"]
[2025-11-05 23:28:26,352: INFO: helpers: Initialized MLflow to track repo "Gavesh99324/kidney-disease-detection-mlops"]
[2025-11-05 23:28:26,360: INFO: helpers: Repository Gavesh99324/kidney-disease-detection-mlops initialized!]
[2025-11-05 23:50:00,981: INFO: _client: HTTP Request: GET https://dagshub.com/api/v1/repos/Gavesh99324/kidney-disease-detection-mlops "HTTP/1.1 200 OK"]
[2025-11-05 23:50:01,107: INFO: helpers: Initialized MLflow to track repo "Gavesh99324/kidney-disease-detection-mlops"]
[2025-11-05 23:50:01,113: INFO: helpers: Repository Gavesh99324/kidney-disease-detection-mlops initialized!]
[2025-11-05 23:50:39,128: INFO: _client: HTTP Request: GET https://dagshub.com/api/v1/repos/Gavesh99324/kidney-disease-detection-mlops "HTTP/1.1 200 OK"]
[2025-11-05 23:50:39,204: INFO: helpers: Initialized MLflow to track repo "Gavesh99324/kidney-disease-detection-mlops"]
[2025-11-05 23:50:39,208: INFO: helpers: Repository Gavesh99324/kidney-disease-detection-mlops initialized!]
[2025-11-05 23:58:07,674: INFO: common: yaml file: G:\Python Codes\kidney-disease-detection-mlops\config\config.yaml loaded successfully]
[2025-11-05 23:58:07,691: INFO: common: yaml file: G:\Python Codes\kidney-disease-detection-mlops\params.yaml loaded successfully]
[2025-11-05 23:58:07,697: INFO: common: created directory at: artifacts]
[2025-11-06 00:21:08,096: INFO: _client: HTTP Request: GET https://dagshub.com/api/v1/repos/Gavesh99324/kidney-disease-detection-mlops "HTTP/1.1 200 OK"]
[2025-11-06 00:21:08,165: INFO: helpers: Initialized MLflow to track repo "Gavesh99324/kidney-disease-detection-mlops"]
[2025-11-06 00:21:08,169: INFO: helpers: Repository Gavesh99324/kidney-disease-detection-mlops initialized!]
[2025-11-06 03:07:14,512: INFO: _client: HTTP Request: GET https://dagshub.com/api/v1/repos/Gavesh99324/kidney-disease-detection-mlops "HTTP/1.1 200 OK"]
[2025-11-06 03:07:14,653: INFO: helpers: Initialized MLflow to track repo "Gavesh99324/kidney-disease-detection-mlops"]
[2025-11-06 03:07:14,659: INFO: helpers: Repository Gavesh99324/kidney-disease-detection-mlops initialized!]
[2025-11-06 03:21:31,511: INFO: _client: HTTP Request: GET https://dagshub.com/api/v1/repos/Gavesh99324/kidney-disease-detection-mlops "HTTP/1.1 200 OK"]
[2025-11-06 03:21:31,680: INFO: helpers: Initialized MLflow to track repo "Gavesh99324/kidney-disease-detection-mlops"]
[2025-11-06 03:21:31,687: INFO: helpers: Repository Gavesh99324/kidney-disease-detection-mlops initialized!]
